mode: atomic
github.com/duynhlab/order-service/internal/logic/v1/service.go:23.107,28.2 1 20
github.com/duynhlab/order-service/internal/logic/v1/service.go:31.95,40.16 4 2
github.com/duynhlab/order-service/internal/logic/v1/service.go:40.16,43.3 2 1
github.com/duynhlab/order-service/internal/logic/v1/service.go:45.2,46.20 2 1
github.com/duynhlab/order-service/internal/logic/v1/service.go:50.96,60.16 4 3
github.com/duynhlab/order-service/internal/logic/v1/service.go:60.16,61.41 1 2
github.com/duynhlab/order-service/internal/logic/v1/service.go:61.41,64.4 2 1
github.com/duynhlab/order-service/internal/logic/v1/service.go:65.3,66.18 2 1
github.com/duynhlab/order-service/internal/logic/v1/service.go:69.2,70.19 2 1
github.com/duynhlab/order-service/internal/logic/v1/service.go:76.108,78.16 2 3
github.com/duynhlab/order-service/internal/logic/v1/service.go:78.16,79.41 1 2
github.com/duynhlab/order-service/internal/logic/v1/service.go:79.41,81.4 1 1
github.com/duynhlab/order-service/internal/logic/v1/service.go:82.3,82.18 1 1
github.com/duynhlab/order-service/internal/logic/v1/service.go:84.2,84.22 1 1
github.com/duynhlab/order-service/internal/logic/v1/service.go:88.111,96.25 3 9
github.com/duynhlab/order-service/internal/logic/v1/service.go:96.25,99.3 2 1
github.com/duynhlab/order-service/internal/logic/v1/service.go:100.2,100.33 1 8
github.com/duynhlab/order-service/internal/logic/v1/service.go:100.33,101.67 1 10
github.com/duynhlab/order-service/internal/logic/v1/service.go:101.67,104.4 2 3
github.com/duynhlab/order-service/internal/logic/v1/service.go:108.2,110.33 3 5
github.com/duynhlab/order-service/internal/logic/v1/service.go:110.33,115.24 4 7
github.com/duynhlab/order-service/internal/logic/v1/service.go:115.24,117.4 1 6
github.com/duynhlab/order-service/internal/logic/v1/service.go:119.3,125.4 1 7
github.com/duynhlab/order-service/internal/logic/v1/service.go:129.2,141.16 3 5
github.com/duynhlab/order-service/internal/logic/v1/service.go:141.16,144.3 2 1
github.com/duynhlab/order-service/internal/logic/v1/service.go:145.2,145.15 1 4
github.com/duynhlab/order-service/internal/logic/v1/service.go:145.15,145.39 1 4
github.com/duynhlab/order-service/internal/logic/v1/service.go:148.2,149.16 2 4
github.com/duynhlab/order-service/internal/logic/v1/service.go:149.16,152.3 2 1
github.com/duynhlab/order-service/internal/logic/v1/service.go:169.2,169.39 1 3
github.com/duynhlab/order-service/internal/logic/v1/service.go:169.39,172.3 2 1
github.com/duynhlab/order-service/internal/logic/v1/service.go:174.2,180.19 3 2
github.com/duynhlab/order-service/internal/logic/v1/service.go:184.88,194.16 4 3
github.com/duynhlab/order-service/internal/logic/v1/service.go:194.16,195.41 1 2
github.com/duynhlab/order-service/internal/logic/v1/service.go:195.41,197.4 1 1
github.com/duynhlab/order-service/internal/logic/v1/service.go:198.3,199.13 2 1
github.com/duynhlab/order-service/internal/logic/v1/service.go:202.2,203.12 2 1
